C:\USERS\BILLY\DOCUMENTS\VISUAL STUDIO 2010\PROJECTS\KINECT\DEBUG\KINECT3D.EXE
C:\USERS\BILLY\DOCUMENTS\VISUAL STUDIO 2010\PROJECTS\KINECT\DEBUG\KINECT3D.ILK
C:\USERS\BILLY\DOCUMENTS\VISUAL STUDIO 2010\PROJECTS\KINECT\DEBUG\KINECT3D.PDB
C:\USERS\BILLY\DOCUMENTS\VISUAL STUDIO 2010\PROJECTS\KINECT\KINECT3D\DEBUG\KINECT3D.EXE.INTERMEDIATE.MANIFEST
C:\USERS\BILLY\DOCUMENTS\VISUAL STUDIO 2010\PROJECTS\KINECT\KINECT3D\DEBUG\OPENCVKINECT3D.OBJ
C:\USERS\BILLY\DOCUMENTS\VISUAL STUDIO 2010\PROJECTS\KINECT\KINECT3D\DEBUG\VC100.PDB
C:\Users\Billy\Dropbox\College\Junior\CS585\Kinect\Debug\Kinect3D.exe
C:\Users\Billy\Dropbox\College\Junior\CS585\Kinect\Debug\Kinect3D.ilk
C:\Users\Billy\Dropbox\College\Junior\CS585\Kinect\Debug\Kinect3D.pdb
C:\Users\Billy\Dropbox\College\Junior\CS585\Kinect\Kinect3D\Debug\cl.command.1.tlog
C:\Users\Billy\Dropbox\College\Junior\CS585\Kinect\Kinect3D\Debug\CL.read.1.tlog
C:\Users\Billy\Dropbox\College\Junior\CS585\Kinect\Kinect3D\Debug\CL.write.1.tlog
C:\Users\Billy\Dropbox\College\Junior\CS585\Kinect\Kinect3D\Debug\Kinect3D.exe.intermediate.manifest
C:\Users\Billy\Dropbox\College\Junior\CS585\Kinect\Kinect3D\Debug\Kinect3D.write.1.tlog
C:\Users\Billy\Dropbox\College\Junior\CS585\Kinect\Kinect3D\Debug\link.command.1.tlog
C:\Users\Billy\Dropbox\College\Junior\CS585\Kinect\Kinect3D\Debug\link.read.1.tlog
C:\Users\Billy\Dropbox\College\Junior\CS585\Kinect\Kinect3D\Debug\link.write.1.tlog
C:\Users\Billy\Dropbox\College\Junior\CS585\Kinect\Kinect3D\Debug\mt.command.1.tlog
C:\Users\Billy\Dropbox\College\Junior\CS585\Kinect\Kinect3D\Debug\mt.read.1.tlog
C:\Users\Billy\Dropbox\College\Junior\CS585\Kinect\Kinect3D\Debug\mt.write.1.tlog
C:\Users\Billy\Dropbox\College\Junior\CS585\Kinect\Kinect3D\Debug\OpenCVKinect3D.obj
C:\Users\Billy\Dropbox\College\Junior\CS585\Kinect\Kinect3D\Debug\vc100.idb
C:\Users\Billy\Dropbox\College\Junior\CS585\Kinect\Kinect3D\Debug\vc100.pdb
