C:\USERS\BILLY\DOCUMENTS\VISUAL STUDIO 2010\PROJECTS\KINECT\DEBUG\KINECT.EXE
C:\USERS\BILLY\DOCUMENTS\VISUAL STUDIO 2010\PROJECTS\KINECT\DEBUG\KINECT.ILK
C:\USERS\BILLY\DOCUMENTS\VISUAL STUDIO 2010\PROJECTS\KINECT\DEBUG\KINECT.PDB
C:\USERS\BILLY\DOCUMENTS\VISUAL STUDIO 2010\PROJECTS\KINECT\KINECT\DEBUG\KINECT.EXE.INTERMEDIATE.MANIFEST
C:\USERS\BILLY\DOCUMENTS\VISUAL STUDIO 2010\PROJECTS\KINECT\KINECT\DEBUG\KINECT.PCH
C:\USERS\BILLY\DOCUMENTS\VISUAL STUDIO 2010\PROJECTS\KINECT\KINECT\DEBUG\OPENCVKINECT2D.OBJ
C:\USERS\BILLY\DOCUMENTS\VISUAL STUDIO 2010\PROJECTS\KINECT\KINECT\DEBUG\VC100.PDB
C:\Users\Billy\Dropbox\College\Junior\CS585\Kinect\Debug\Kinect.exe
C:\Users\Billy\Dropbox\College\Junior\CS585\Kinect\Debug\Kinect.ilk
C:\Users\Billy\Dropbox\College\Junior\CS585\Kinect\Debug\Kinect.pdb
C:\Users\Billy\Dropbox\College\Junior\CS585\Kinect\Kinect\Debug\cl.command.1.tlog
C:\Users\Billy\Dropbox\College\Junior\CS585\Kinect\Kinect\Debug\CL.read.1.tlog
C:\Users\Billy\Dropbox\College\Junior\CS585\Kinect\Kinect\Debug\CL.write.1.tlog
C:\Users\Billy\Dropbox\College\Junior\CS585\Kinect\Kinect\Debug\Kinect.exe.intermediate.manifest
C:\Users\Billy\Dropbox\College\Junior\CS585\Kinect\Kinect\Debug\Kinect.pch
C:\Users\Billy\Dropbox\College\Junior\CS585\Kinect\Kinect\Debug\Kinect.write.1.tlog
C:\Users\Billy\Dropbox\College\Junior\CS585\Kinect\Kinect\Debug\link.command.1.tlog
C:\Users\Billy\Dropbox\College\Junior\CS585\Kinect\Kinect\Debug\link.read.1.tlog
C:\Users\Billy\Dropbox\College\Junior\CS585\Kinect\Kinect\Debug\link.write.1.tlog
C:\Users\Billy\Dropbox\College\Junior\CS585\Kinect\Kinect\Debug\mt.command.1.tlog
C:\Users\Billy\Dropbox\College\Junior\CS585\Kinect\Kinect\Debug\mt.read.1.tlog
C:\Users\Billy\Dropbox\College\Junior\CS585\Kinect\Kinect\Debug\mt.write.1.tlog
C:\Users\Billy\Dropbox\College\Junior\CS585\Kinect\Kinect\Debug\OpenCVKinect2D.obj
C:\Users\Billy\Dropbox\College\Junior\CS585\Kinect\Kinect\Debug\vc100.idb
C:\Users\Billy\Dropbox\College\Junior\CS585\Kinect\Kinect\Debug\vc100.pdb
